<?xml version="1.0" encoding="UTF-8"?>
<!-- Generated by org.testng.reporters.JUnitReportReporter -->
<testsuite skipped="0" hostname="LAPTOP-PCKJJG41" name="collection.classes.MapPractise" tests="1" failures="0" timestamp="2019-10-13T12:16:29 EDT" time="0.014" errors="0">
  <testcase name="test1" time="0.014" classname="collection.classes.MapPractise"/>
</testsuite> <!-- collection.classes.MapPractise -->
