<?xml version="1.0" encoding="UTF-8"?>
<!-- Generated by org.testng.reporters.JUnitReportReporter -->
<testsuite skipped="0" hostname="LAPTOP-PCKJJG41" name="com.bit.tech.SmokeTest" tests="1" failures="0" timestamp="31 Aug 2019 16:27:28 GMT" time="0.013" errors="0">
  <testcase name="test1" time="0.013" classname="com.bit.tech.SmokeTest"/>
</testsuite> <!-- com.bit.tech.SmokeTest -->
