<?xml version="1.0" encoding="UTF-8"?>
<!-- Generated by org.testng.reporters.JUnitReportReporter -->
<testsuite skipped="0" hostname="LAPTOP-PCKJJG41" name="com.bit.tech.RegressionTest" tests="3" failures="0" timestamp="2019-09-10T13:50:42 EDT" time="0.007" errors="0">
  <testcase name="test4" time="0.001" classname="com.bit.tech.RegressionTest"/>
  <testcase name="test2" time="0.005" classname="com.bit.tech.RegressionTest"/>
  <testcase name="test3" time="0.001" classname="com.bit.tech.RegressionTest"/>
</testsuite> <!-- com.bit.tech.RegressionTest -->
